<?xml version="1.0" encoding="UTF-8"?>
<!-- Generated by org.testng.reporters.JUnitXMLReporter -->
<testsuite hostname="User-PC" ignored="0" name="Default test" tests="11" failures="0" timestamp="2021-12-02T12:19:21 IST" time="18.559" errors="0">
  <testcase name="cheakUrl" time="0.053" classname="SeleniumPractice.LoginPage"/>
  <testcase name="FailLoginPassword" time="1.892" classname="SeleniumPractice.LoginPage"/>
  <testcase name="FailLoginmail" time="0.399" classname="SeleniumPractice.LoginPage"/>
  <testcase name="Headline" time="0.056" classname="SeleniumPractice.LoginPage"/>
  <testcase name="subtitle" time="0.046" classname="SeleniumPractice.LoginPage"/>
  <testcase name="checkmail" time="0.156" classname="SeleniumPractice.LoginPage"/>
  <testcase name="BlankData" time="0.279" classname="SeleniumPractice.LoginPage"/>
  <testcase name="VerifyLogo" time="0.04" classname="SeleniumPractice.LoginPage"/>
  <testcase name="verifyText" time="0.048" classname="SeleniumPractice.LoginPage"/>
  <testcase name="verifyHeadline" time="0.031" classname="SeleniumPractice.LoginPage"/>
  <testcase name="Validlogin" time="4.202" classname="SeleniumPractice.LoginPage"/>
</testsuite> <!-- Default test -->
